Using pre-set license
Built from '2020.3/release' branch; Version is '2020.3.27f1 (e759542391ea) revision 15161684'; Using compiler version '192528614'; Build Type 'Release'
OS: 'Windows 10  (10.0.19041) 64bit Professional' Language: 'ko' Physical Memory: 32712 MB
BatchMode: 1, IsHumanControllingUs: 0, StartBugReporterOnCrash: 0, Is64bit: 1, IsPro: 0

COMMAND LINE ARGUMENTS:
C:\Program Files\Unity\Hub\Editor\2020.3.27f1\Editor\Unity.exe
-adb2
-batchMode
-noUpm
-name
AssetImportWorker0
-projectPath
D:/00_Project/Project_Mypeng01/Mypeng
-logFile
Logs/AssetImportWorker0.log
-srvPort
49344
Successfully changed project path to: D:/00_Project/Project_Mypeng01/Mypeng
D:/00_Project/Project_Mypeng01/Mypeng
Using Asset Import Pipeline V2.
Refreshing native plugins compatible for Editor in 56.02 ms, found 2 plugins.
Preloading 0 native plugins for Editor in 0.00 ms.
Initialize engine version: 2020.3.27f1 (e759542391ea)
[Subsystems] Discovering subsystems at path C:/Program Files/Unity/Hub/Editor/2020.3.27f1/Editor/Data/Resources/UnitySubsystems
[Subsystems] Discovering subsystems at path D:/00_Project/Project_Mypeng01/Mypeng/Assets
GfxDevice: creating device client; threaded=0
Direct3D:
    Version:  Direct3D 11.0 [level 11.1]
    Renderer: NVIDIA GeForce RTX 2080 (ID=0x1e87)
    Vendor:   
    VRAM:     8010 MB
    Driver:   27.21.14.5730
Initialize mono
Mono path[0] = 'C:/Program Files/Unity/Hub/Editor/2020.3.27f1/Editor/Data/Managed'
Mono path[1] = 'C:/Program Files/Unity/Hub/Editor/2020.3.27f1/Editor/Data/MonoBleedingEdge/lib/mono/unityjit'
Mono config path = 'C:/Program Files/Unity/Hub/Editor/2020.3.27f1/Editor/Data/MonoBleedingEdge/etc'
Using monoOptions --debugger-agent=transport=dt_socket,embedding=1,server=y,suspend=n,address=127.0.0.1:56320
Begin MonoManager ReloadAssembly
Registering precompiled unity dll's ...
Register platform support module: C:/Program Files/Unity/Hub/Editor/2020.3.27f1/Editor/Data/PlaybackEngines/WindowsStandaloneSupport/UnityEditor.WindowsStandalone.Extensions.dll
Registered in 0.006497 seconds.
Native extension for WindowsStandalone target not found
Refreshing native plugins compatible for Editor in 53.93 ms, found 2 plugins.
Preloading 0 native plugins for Editor in 0.00 ms.
Mono: successfully reloaded assembly
- Completed reload, in  0.719 seconds
Domain Reload Profiling:
	ReloadAssembly (719ms)
		BeginReloadAssembly (125ms)
			ExecutionOrderSort (0ms)
			DisableScriptedObjects (0ms)
			BackupInstance (0ms)
			ReleaseScriptingObjects (0ms)
			CreateAndSetChildDomain (1ms)
		EndReloadAssembly (495ms)
			LoadAssemblies (120ms)
			RebuildTransferFunctionScriptingTraits (0ms)
			SetupTypeCache (158ms)
			ReleaseScriptCaches (0ms)
			RebuildScriptCaches (27ms)
			SetupLoadedEditorAssemblies (180ms)
				LogAssemblyErrors (0ms)
				InitializePlatformSupportModulesInManaged (4ms)
				SetLoadedEditorAssemblies (0ms)
				RefreshPlugins (54ms)
				BeforeProcessingInitializeOnLoad (9ms)
				ProcessInitializeOnLoadAttributes (81ms)
				ProcessInitializeOnLoadMethodAttributes (31ms)
				AfterProcessingInitializeOnLoad (0ms)
				EditorAssembliesLoaded (0ms)
			ExecutionOrderSort2 (0ms)
			AwakeInstancesAfterBackupRestoration (0ms)
Platform modules already initialized, skipping
Registering precompiled user dll's ...
Registered in 0.008043 seconds.
Begin MonoManager ReloadAssembly
Native extension for WindowsStandalone target not found
Refreshing native plugins compatible for Editor in 56.70 ms, found 2 plugins.
Preloading 0 native plugins for Editor in 0.00 ms.
Mono: successfully reloaded assembly
- Completed reload, in  1.292 seconds
Domain Reload Profiling:
	ReloadAssembly (1293ms)
		BeginReloadAssembly (209ms)
			ExecutionOrderSort (0ms)
			DisableScriptedObjects (5ms)
			BackupInstance (0ms)
			ReleaseScriptingObjects (0ms)
			CreateAndSetChildDomain (17ms)
		EndReloadAssembly (1001ms)
			LoadAssemblies (167ms)
			RebuildTransferFunctionScriptingTraits (0ms)
			SetupTypeCache (337ms)
			ReleaseScriptCaches (1ms)
			RebuildScriptCaches (47ms)
			SetupLoadedEditorAssemblies (372ms)
				LogAssemblyErrors (0ms)
				InitializePlatformSupportModulesInManaged (3ms)
				SetLoadedEditorAssemblies (0ms)
				RefreshPlugins (57ms)
				BeforeProcessingInitializeOnLoad (86ms)
				ProcessInitializeOnLoadAttributes (195ms)
				ProcessInitializeOnLoadMethodAttributes (11ms)
				AfterProcessingInitializeOnLoad (20ms)
				EditorAssembliesLoaded (0ms)
			ExecutionOrderSort2 (0ms)
			AwakeInstancesAfterBackupRestoration (7ms)
Platform modules already initialized, skipping
========================================================================
Worker process is ready to serve import requests
Launched and connected shader compiler UnityShaderCompiler.exe after 0.07 seconds
Refreshing native plugins compatible for Editor in 0.58 ms, found 2 plugins.
Preloading 0 native plugins for Editor in 0.00 ms.
Unloading 2819 Unused Serialized files (Serialized files now loaded: 0)
System memory in use before: 127.8 MB.
System memory in use after: 128.0 MB.

Unloading 20 unused Assets to reduce memory usage. Loaded Objects now: 3252.
Total: 3.465700 ms (FindLiveObjects: 0.246900 ms CreateObjectMapping: 0.070700 ms MarkObjects: 3.057100 ms  DeleteObjects: 0.089500 ms)

AssetImportParameters requested are different than current active one (requested -> active):
  custom:framework-win-MediaFoundation: 216162199b28c13a410421893ffa2e32 -> 
  custom:video-decoder-ogg-theora: a1e56fd34408186e4bbccfd4996cb3dc -> 
  custom:container-muxer-webm: aa71ff27fc2769a1b78a27578f13a17b -> 
  custom:container-demuxer-webm: 4f35f7cbe854078d1ac9338744f61a02 -> 
  custom:container-demuxer-ogg: 62fdf1f143b41e24485cea50d1cbac27 -> 
  custom:video-encoder-webm-vp8: eb34c28f22e8b96e1ab97ce403110664 -> 
  custom:video-decoder-webm-vp8: 9c59270c3fd7afecdb556c50c9e8de78 -> 
  custom:audio-decoder-ogg-vorbis: bf7c407c2cedff20999df2af8eb42d56 -> 
  custom:audio-encoder-webm-vorbis: bf7c407c2cedff20999df2af8eb42d56 -> 
========================================================================
Received Import Request.
  path: Assets/Presets
  artifactKey: Guid(558255460b74ec04fa70b5570e9327bd) Importer(815301076,1909f56bfc062723c751e8b465ee728b)
Start importing Assets/Presets using Guid(558255460b74ec04fa70b5570e9327bd) Importer(815301076,1909f56bfc062723c751e8b465ee728b)  -> (artifact id: 'e1966229f3d7993f283b578bcf544b58') in 0.008531 seconds 
  Import took 0.036279 seconds .

========================================================================
Received Import Request.
  Time since last request: 0.000354 seconds.
  path: Assets/Rresource
  artifactKey: Guid(b86b4b1cf6514df4189f440c45760067) Importer(815301076,1909f56bfc062723c751e8b465ee728b)
Start importing Assets/Rresource using Guid(b86b4b1cf6514df4189f440c45760067) Importer(815301076,1909f56bfc062723c751e8b465ee728b)  -> (artifact id: 'afd48563e6501613f6b198da94fbc794') in 0.004408 seconds 
  Import took 0.008167 seconds .

========================================================================
Received Import Request.
  Time since last request: 0.000429 seconds.
  path: Assets/Scenes
  artifactKey: Guid(fe1039ba8f16e094aaa9f42426430752) Importer(815301076,1909f56bfc062723c751e8b465ee728b)
Start importing Assets/Scenes using Guid(fe1039ba8f16e094aaa9f42426430752) Importer(815301076,1909f56bfc062723c751e8b465ee728b)  -> (artifact id: '443a9e3b25828fd0972329e06148b4e1') in 0.004343 seconds 
  Import took 0.008457 seconds .

========================================================================
Received Import Request.
  Time since last request: 0.000344 seconds.
  path: Assets/Bitgem
  artifactKey: Guid(5464f927aede4c649b67f6b4c0a4dc7c) Importer(815301076,1909f56bfc062723c751e8b465ee728b)
Start importing Assets/Bitgem using Guid(5464f927aede4c649b67f6b4c0a4dc7c) Importer(815301076,1909f56bfc062723c751e8b465ee728b)  -> (artifact id: '312aa2eebfcc19c1cc4861a3a7d1e430') in 0.004725 seconds 
  Import took 0.031083 seconds .

========================================================================
Received Import Request.
  Time since last request: 3.187116 seconds.
  path: Assets/Materials
  artifactKey: Guid(d0234ba368eeec9418390da711bfdad0) Importer(815301076,1909f56bfc062723c751e8b465ee728b)
Start importing Assets/Materials using Guid(d0234ba368eeec9418390da711bfdad0) Importer(815301076,1909f56bfc062723c751e8b465ee728b)  -> (artifact id: 'dd1fccef896d48891410691dfde716e5') in 0.004690 seconds 
  Import took 0.008882 seconds .

========================================================================
Received Import Request.
  Time since last request: 0.480041 seconds.
  path: Assets/ExampleAssets
  artifactKey: Guid(990f5c2df70993f4987a388ca178996a) Importer(815301076,1909f56bfc062723c751e8b465ee728b)
Start importing Assets/ExampleAssets using Guid(990f5c2df70993f4987a388ca178996a) Importer(815301076,1909f56bfc062723c751e8b465ee728b)  -> (artifact id: 'd5ac45704b3e904ca5b19a6457cc79ac') in 0.004495 seconds 
  Import took 0.008708 seconds .

========================================================================
Received Import Request.
  Time since last request: 2.461211 seconds.
  path: Assets/_TerrainAutoUpgrade
  artifactKey: Guid(ca4fe1a3eb32da040a7232cf7b9f2d91) Importer(815301076,1909f56bfc062723c751e8b465ee728b)
Start importing Assets/_TerrainAutoUpgrade using Guid(ca4fe1a3eb32da040a7232cf7b9f2d91) Importer(815301076,1909f56bfc062723c751e8b465ee728b)  -> (artifact id: '4fcea2b02ae806b105f1d918098935e2') in 0.004482 seconds 
  Import took 0.008639 seconds .

========================================================================
Received Import Request.
  Time since last request: 3.522614 seconds.
  path: Assets/Bitgem/StylisedWater
  artifactKey: Guid(a26b768aec801ec45bd04cfb00c1208f) Importer(815301076,1909f56bfc062723c751e8b465ee728b)
Start importing Assets/Bitgem/StylisedWater using Guid(a26b768aec801ec45bd04cfb00c1208f) Importer(815301076,1909f56bfc062723c751e8b465ee728b)  -> (artifact id: 'd92672993937e670511360ffee0517da') in 0.023651 seconds 
  Import took 0.027676 seconds .

========================================================================
Received Import Request.
  Time since last request: 0.700529 seconds.
  path: Assets/Bitgem/StylisedWater/URP
  artifactKey: Guid(05ebf30bfcef09e479888e941b51c7fa) Importer(815301076,1909f56bfc062723c751e8b465ee728b)
Start importing Assets/Bitgem/StylisedWater/URP using Guid(05ebf30bfcef09e479888e941b51c7fa) Importer(815301076,1909f56bfc062723c751e8b465ee728b)  -> (artifact id: '6ca5036eae824a2bbc097a2244db03ab') in 0.004822 seconds 
  Import took 0.008967 seconds .

========================================================================
Received Import Request.
  Time since last request: 1.204324 seconds.
  path: Assets/Bitgem/StylisedWater/URP/Materials
  artifactKey: Guid(23dd8f7c55dedc9428557d7ab46cf80b) Importer(815301076,1909f56bfc062723c751e8b465ee728b)
Start importing Assets/Bitgem/StylisedWater/URP/Materials using Guid(23dd8f7c55dedc9428557d7ab46cf80b) Importer(815301076,1909f56bfc062723c751e8b465ee728b)  -> (artifact id: '5b7def3a3d346e29d5671b2427d79db1') in 0.004344 seconds 
  Import took 0.008512 seconds .

========================================================================
Received Import Request.
  Time since last request: 0.092117 seconds.
  path: Assets/Bitgem/StylisedWater/URP/Materials/example-water-01.mat
  artifactKey: Guid(16ca5feb16ef2d744852096378401523) Importer(815301076,1909f56bfc062723c751e8b465ee728b)
Start importing Assets/Bitgem/StylisedWater/URP/Materials/example-water-01.mat using Guid(16ca5feb16ef2d744852096378401523) Importer(815301076,1909f56bfc062723c751e8b465ee728b)  -> (artifact id: 'fef0a2793fb332834bed18168848a3a3') in 1.412215 seconds 
  Import took 1.416805 seconds .

========================================================================
Received Import Request.
  Time since last request: 0.000360 seconds.
  path: Assets/Bitgem/StylisedWater/URP/Materials/example-water-03.mat
  artifactKey: Guid(008541be8ad8b3f42a5318e1c4a73d1c) Importer(815301076,1909f56bfc062723c751e8b465ee728b)
Start importing Assets/Bitgem/StylisedWater/URP/Materials/example-water-03.mat using Guid(008541be8ad8b3f42a5318e1c4a73d1c) Importer(815301076,1909f56bfc062723c751e8b465ee728b)  -> (artifact id: 'adbb247488e5f3631d69dab1ec5ea0e1') in 0.035524 seconds 
  Import took 0.040184 seconds .

========================================================================
Received Import Request.
  Time since last request: 0.000386 seconds.
  path: Assets/Bitgem/StylisedWater/URP/Materials/skybox.mat
  artifactKey: Guid(2c569dc78b4a14a66a37c4a7386a4147) Importer(815301076,1909f56bfc062723c751e8b465ee728b)
Start importing Assets/Bitgem/StylisedWater/URP/Materials/skybox.mat using Guid(2c569dc78b4a14a66a37c4a7386a4147) Importer(815301076,1909f56bfc062723c751e8b465ee728b)  -> (artifact id: '9acb8c566fcd9fcdd2aefcf8422c777f') in 0.052013 seconds 
  Import took 0.056218 seconds .

========================================================================
Received Import Request.
  Time since last request: 0.000327 seconds.
  path: Assets/Bitgem/StylisedWater/URP/Textures/waves_n.png
  artifactKey: Guid(f87d53fcaf34530488b706ee35d9b519) Importer(815301076,1909f56bfc062723c751e8b465ee728b)
Start importing Assets/Bitgem/StylisedWater/URP/Textures/waves_n.png using Guid(f87d53fcaf34530488b706ee35d9b519) Importer(815301076,1909f56bfc062723c751e8b465ee728b)  -> (artifact id: '8f8638322c9b2f6e47f6a150a4faa90e') in 0.091440 seconds 
  Import took 0.095357 seconds .

========================================================================
Received Import Request.
  Time since last request: 0.000324 seconds.
  path: Assets/Bitgem/StylisedWater/URP/Materials/greyboxing.mat
  artifactKey: Guid(daf55c765d391c942b306a6a1483d9e7) Importer(815301076,1909f56bfc062723c751e8b465ee728b)
Start importing Assets/Bitgem/StylisedWater/URP/Materials/greyboxing.mat using Guid(daf55c765d391c942b306a6a1483d9e7) Importer(815301076,1909f56bfc062723c751e8b465ee728b)  -> (artifact id: '0e46f93d2aa27236370856f8e8883b45') in 0.656817 seconds 
  Import took 0.661208 seconds .

========================================================================
Received Import Request.
  Time since last request: 0.000358 seconds.
  path: Assets/Bitgem/StylisedWater/URP/Materials/example-water-02.mat
  artifactKey: Guid(fb659c98d6ac4db41b88596ff2c4e2e1) Importer(815301076,1909f56bfc062723c751e8b465ee728b)
Start importing Assets/Bitgem/StylisedWater/URP/Materials/example-water-02.mat using Guid(fb659c98d6ac4db41b88596ff2c4e2e1) Importer(815301076,1909f56bfc062723c751e8b465ee728b)  -> (artifact id: '3e8e267cacd2547f94d1003fffe15f07') in 0.019332 seconds 
  Import took 0.023416 seconds .

========================================================================
Received Import Request.
  Time since last request: 109.162584 seconds.
  path: Assets/Bitgem/StylisedWater/URP/Meshes
  artifactKey: Guid(43def73ae98f45a4a920669ab0d6205a) Importer(815301076,1909f56bfc062723c751e8b465ee728b)
Start importing Assets/Bitgem/StylisedWater/URP/Meshes using Guid(43def73ae98f45a4a920669ab0d6205a) Importer(815301076,1909f56bfc062723c751e8b465ee728b)  -> (artifact id: '2c8744f84b90f65a06307fd83060ee8b') in 0.004805 seconds 
  Import took 0.008926 seconds .

========================================================================
Received Import Request.
  Time since last request: 0.304382 seconds.
  path: Assets/Bitgem/StylisedWater/URP/Meshes/example-scene-01.fbx
  artifactKey: Guid(55638e09f83bd764b9c7be381da6e240) Importer(815301076,1909f56bfc062723c751e8b465ee728b)
Start importing Assets/Bitgem/StylisedWater/URP/Meshes/example-scene-01.fbx using Guid(55638e09f83bd764b9c7be381da6e240) Importer(815301076,1909f56bfc062723c751e8b465ee728b)  -> (artifact id: 'a39723c6a8e7403fce9ca6019f9e082f') in 0.152236 seconds 
  Import took 0.156730 seconds .

========================================================================
Received Import Request.
  Time since last request: 6.542539 seconds.
  path: Assets/TutorialInfo
  artifactKey: Guid(49110bb8dcada46328ad741970bce702) Importer(815301076,1909f56bfc062723c751e8b465ee728b)
Start importing Assets/TutorialInfo using Guid(49110bb8dcada46328ad741970bce702) Importer(815301076,1909f56bfc062723c751e8b465ee728b)  -> (artifact id: 'de5a30219286eb2a872f2f84d66d9616') in 0.004541 seconds 
  Import took 0.008724 seconds .

========================================================================
Received Import Request.
  Time since last request: 1.506419 seconds.
  path: Assets/TutorialInfo/Icons
  artifactKey: Guid(8a0c9218a650547d98138cd835033977) Importer(815301076,1909f56bfc062723c751e8b465ee728b)
Start importing Assets/TutorialInfo/Icons using Guid(8a0c9218a650547d98138cd835033977) Importer(815301076,1909f56bfc062723c751e8b465ee728b)  -> (artifact id: '877c38d75af7f9b160f6df01c0d12ba9') in 0.004573 seconds 
  Import took 0.008749 seconds .

========================================================================
Received Import Request.
  Time since last request: 0.107170 seconds.
  path: Assets/TutorialInfo/Icons/Help_Icon.png
  artifactKey: Guid(34f556d724b1bbf4097ca6220db2c581) Importer(815301076,1909f56bfc062723c751e8b465ee728b)
Start importing Assets/TutorialInfo/Icons/Help_Icon.png using Guid(34f556d724b1bbf4097ca6220db2c581) Importer(815301076,1909f56bfc062723c751e8b465ee728b)  -> (artifact id: 'd44cd57fc4feab842adb57b231d71887') in 0.038179 seconds 
  Import took 0.042433 seconds .

========================================================================
Received Import Request.
  Time since last request: 0.000363 seconds.
  path: Assets/TutorialInfo/Icons/UniversalIcon.png
  artifactKey: Guid(7801804018a7dcf42abb827444e18660) Importer(815301076,1909f56bfc062723c751e8b465ee728b)
Start importing Assets/TutorialInfo/Icons/UniversalIcon.png using Guid(7801804018a7dcf42abb827444e18660) Importer(815301076,1909f56bfc062723c751e8b465ee728b)  -> (artifact id: '2469af74232faa562fa73eb837360c84') in 0.013196 seconds 
  Import took 0.017493 seconds .

========================================================================
Received Import Request.
  Time since last request: 12.103241 seconds.
  path: Assets/Bitgem/StylisedWater/URP/Shaders
  artifactKey: Guid(df0e1b2af442e2c47b1dadeab164b9e6) Importer(815301076,1909f56bfc062723c751e8b465ee728b)
Start importing Assets/Bitgem/StylisedWater/URP/Shaders using Guid(df0e1b2af442e2c47b1dadeab164b9e6) Importer(815301076,1909f56bfc062723c751e8b465ee728b)  -> (artifact id: 'bcd2acc81acd1a0e3561efbe4131dcdb') in 0.004923 seconds 
  Import took 0.009081 seconds .

========================================================================
Received Import Request.
  Time since last request: 317.952780 seconds.
  path: Assets/Rresource/Background/prop/prefab/prop01_ballon_01.prefab
  artifactKey: Guid(4933dd33c366c8d42bbe80d431ad39ed) Importer(815301076,1909f56bfc062723c751e8b465ee728b)
Start importing Assets/Rresource/Background/prop/prefab/prop01_ballon_01.prefab using Guid(4933dd33c366c8d42bbe80d431ad39ed) Importer(815301076,1909f56bfc062723c751e8b465ee728b)  -> (artifact id: 'b6a1e367b0bdd360a19438b088ac13b7') in 0.096242 seconds 
  Import took 0.101076 seconds .

========================================================================
Received Import Request.
  Time since last request: 0.000344 seconds.
  path: Assets/Rresource/Background/prop/prefab/prop01_fan_01.prefab
  artifactKey: Guid(a23fda2d8d251b749a66866b3cc1131b) Importer(815301076,1909f56bfc062723c751e8b465ee728b)
Start importing Assets/Rresource/Background/prop/prefab/prop01_fan_01.prefab using Guid(a23fda2d8d251b749a66866b3cc1131b) Importer(815301076,1909f56bfc062723c751e8b465ee728b)  -> (artifact id: '58e5f43f93dfce43cc4bee65db164ad4') in 0.032793 seconds 
  Import took 0.037539 seconds .

========================================================================
Received Import Request.
  Time since last request: 0.000403 seconds.
  path: Assets/Rresource/Background/prop/prefab/prop01_teruterubose_01.prefab
  artifactKey: Guid(9be6b56a768c7b340bca75b7dec4238b) Importer(815301076,1909f56bfc062723c751e8b465ee728b)
Start importing Assets/Rresource/Background/prop/prefab/prop01_teruterubose_01.prefab using Guid(9be6b56a768c7b340bca75b7dec4238b) Importer(815301076,1909f56bfc062723c751e8b465ee728b)  -> (artifact id: 'c759a70452476cfb8e935fbc6eb59e0a') in 0.066059 seconds 
  Import took 0.071026 seconds .

========================================================================
Received Import Request.
  Time since last request: 0.000378 seconds.
  path: Assets/Rresource/Background/prop/prefab/prop01_drawer_01.prefab
  artifactKey: Guid(f53421e1fba0b5a4cb64b216357423c6) Importer(815301076,1909f56bfc062723c751e8b465ee728b)
Start importing Assets/Rresource/Background/prop/prefab/prop01_drawer_01.prefab using Guid(f53421e1fba0b5a4cb64b216357423c6) Importer(815301076,1909f56bfc062723c751e8b465ee728b)  -> (artifact id: 'e9126b9311257fb67a8a99486cd2824b') in 0.043303 seconds 
  Import took 0.048095 seconds .

========================================================================
Received Import Request.
  Time since last request: 0.000361 seconds.
  path: Assets/Rresource/Background/prop/prefab/prop01_tv_01.prefab
  artifactKey: Guid(6a23f841450516843868a11fe74f4387) Importer(815301076,1909f56bfc062723c751e8b465ee728b)
Start importing Assets/Rresource/Background/prop/prefab/prop01_tv_01.prefab using Guid(6a23f841450516843868a11fe74f4387) Importer(815301076,1909f56bfc062723c751e8b465ee728b)  -> (artifact id: '851ab3c1561187ec306516e663330f9b') in 0.027136 seconds 
  Import took 0.031633 seconds .

========================================================================
Received Import Request.
  Time since last request: 0.000426 seconds.
  path: Assets/Rresource/Background/prop/prefab/prop01_watermelon_01.prefab
  artifactKey: Guid(71a0a66937b9e6a4b8eba93a2eee8968) Importer(815301076,1909f56bfc062723c751e8b465ee728b)
Start importing Assets/Rresource/Background/prop/prefab/prop01_watermelon_01.prefab using Guid(71a0a66937b9e6a4b8eba93a2eee8968) Importer(815301076,1909f56bfc062723c751e8b465ee728b)  -> (artifact id: '8ba84923ac45064af1f7874ea9753301') in 0.045125 seconds 
  Import took 0.049645 seconds .

AssetImportWorkerClient::OnTransportError - code=2 error=End of file
