Using pre-set license
Built from '2020.3/release' branch; Version is '2020.3.27f1 (e759542391ea) revision 15161684'; Using compiler version '192528614'; Build Type 'Release'
OS: 'Windows 10  (10.0.19044) 64bit Core' Language: 'ko' Physical Memory: 32509 MB
BatchMode: 1, IsHumanControllingUs: 0, StartBugReporterOnCrash: 0, Is64bit: 1, IsPro: 0

COMMAND LINE ARGUMENTS:
C:\Program Files\Unity\Hub\Editor\2020.3.27f1\Editor\Unity.exe
-adb2
-batchMode
-noUpm
-name
AssetImportWorker0
-projectPath
C:/Users/한지우/Documents/Mypeng/Mypeng
-logFile
Logs/AssetImportWorker0.log
-srvPort
61851
Successfully changed project path to: C:/Users/한지우/Documents/Mypeng/Mypeng
C:/Users/한지우/Documents/Mypeng/Mypeng
Using Asset Import Pipeline V2.
Refreshing native plugins compatible for Editor in 59.87 ms, found 2 plugins.
Preloading 0 native plugins for Editor in 0.00 ms.
Initialize engine version: 2020.3.27f1 (e759542391ea)
[Subsystems] Discovering subsystems at path C:/Program Files/Unity/Hub/Editor/2020.3.27f1/Editor/Data/Resources/UnitySubsystems
[Subsystems] Discovering subsystems at path C:/Users/한지우/Documents/Mypeng/Mypeng/Assets
GfxDevice: creating device client; threaded=0
Direct3D:
    Version:  Direct3D 11.0 [level 11.1]
    Renderer: NVIDIA GeForce RTX 3060 (ID=0x2504)
    Vendor:   
    VRAM:     12142 MB
    Driver:   30.0.15.1109
Initialize mono
Mono path[0] = 'C:/Program Files/Unity/Hub/Editor/2020.3.27f1/Editor/Data/Managed'
Mono path[1] = 'C:/Program Files/Unity/Hub/Editor/2020.3.27f1/Editor/Data/MonoBleedingEdge/lib/mono/unityjit'
Mono config path = 'C:/Program Files/Unity/Hub/Editor/2020.3.27f1/Editor/Data/MonoBleedingEdge/etc'
Using monoOptions --debugger-agent=transport=dt_socket,embedding=1,server=y,suspend=n,address=127.0.0.1:56204
Begin MonoManager ReloadAssembly
Registering precompiled unity dll's ...
Register platform support module: C:/Program Files/Unity/Hub/Editor/2020.3.27f1/Editor/Data/PlaybackEngines/WindowsStandaloneSupport/UnityEditor.WindowsStandalone.Extensions.dll
Registered in 0.002866 seconds.
Native extension for WindowsStandalone target not found
Refreshing native plugins compatible for Editor in 51.92 ms, found 2 plugins.
Preloading 0 native plugins for Editor in 0.00 ms.
Mono: successfully reloaded assembly
- Completed reload, in  0.593 seconds
Domain Reload Profiling:
	ReloadAssembly (593ms)
		BeginReloadAssembly (77ms)
			ExecutionOrderSort (0ms)
			DisableScriptedObjects (0ms)
			BackupInstance (0ms)
			ReleaseScriptingObjects (0ms)
			CreateAndSetChildDomain (1ms)
		EndReloadAssembly (441ms)
			LoadAssemblies (74ms)
			RebuildTransferFunctionScriptingTraits (0ms)
			SetupTypeCache (133ms)
			ReleaseScriptCaches (0ms)
			RebuildScriptCaches (26ms)
			SetupLoadedEditorAssemblies (174ms)
				LogAssemblyErrors (0ms)
				InitializePlatformSupportModulesInManaged (4ms)
				SetLoadedEditorAssemblies (0ms)
				RefreshPlugins (52ms)
				BeforeProcessingInitializeOnLoad (14ms)
				ProcessInitializeOnLoadAttributes (77ms)
				ProcessInitializeOnLoadMethodAttributes (27ms)
				AfterProcessingInitializeOnLoad (0ms)
				EditorAssembliesLoaded (0ms)
			ExecutionOrderSort2 (0ms)
			AwakeInstancesAfterBackupRestoration (0ms)
Platform modules already initialized, skipping
Registering precompiled user dll's ...
Registered in 0.007478 seconds.
Begin MonoManager ReloadAssembly
Native extension for WindowsStandalone target not found
Refreshing native plugins compatible for Editor in 53.37 ms, found 2 plugins.
Preloading 0 native plugins for Editor in 0.00 ms.
Mono: successfully reloaded assembly
- Completed reload, in  1.081 seconds
Domain Reload Profiling:
	ReloadAssembly (1082ms)
		BeginReloadAssembly (136ms)
			ExecutionOrderSort (0ms)
			DisableScriptedObjects (4ms)
			BackupInstance (0ms)
			ReleaseScriptingObjects (0ms)
			CreateAndSetChildDomain (14ms)
		EndReloadAssembly (887ms)
			LoadAssemblies (104ms)
			RebuildTransferFunctionScriptingTraits (0ms)
			SetupTypeCache (280ms)
			ReleaseScriptCaches (0ms)
			RebuildScriptCaches (45ms)
			SetupLoadedEditorAssemblies (350ms)
				LogAssemblyErrors (0ms)
				InitializePlatformSupportModulesInManaged (4ms)
				SetLoadedEditorAssemblies (0ms)
				RefreshPlugins (53ms)
				BeforeProcessingInitializeOnLoad (91ms)
				ProcessInitializeOnLoadAttributes (182ms)
				ProcessInitializeOnLoadMethodAttributes (10ms)
				AfterProcessingInitializeOnLoad (10ms)
				EditorAssembliesLoaded (0ms)
			ExecutionOrderSort2 (0ms)
			AwakeInstancesAfterBackupRestoration (7ms)
Platform modules already initialized, skipping
========================================================================
Worker process is ready to serve import requests
Launched and connected shader compiler UnityShaderCompiler.exe after 0.05 seconds
Refreshing native plugins compatible for Editor in 0.49 ms, found 2 plugins.
Preloading 0 native plugins for Editor in 0.00 ms.
Unloading 2821 Unused Serialized files (Serialized files now loaded: 0)
System memory in use before: 129.2 MB.
System memory in use after: 129.3 MB.

Unloading 20 unused Assets to reduce memory usage. Loaded Objects now: 3254.
Total: 3.124000 ms (FindLiveObjects: 0.377600 ms CreateObjectMapping: 0.098000 ms MarkObjects: 2.568200 ms  DeleteObjects: 0.079100 ms)

AssetImportParameters requested are different than current active one (requested -> active):
  custom:framework-win-MediaFoundation: 216162199b28c13a410421893ffa2e32 -> 
  custom:video-decoder-ogg-theora: a1e56fd34408186e4bbccfd4996cb3dc -> 
  custom:container-muxer-webm: aa71ff27fc2769a1b78a27578f13a17b -> 
  custom:container-demuxer-webm: 4f35f7cbe854078d1ac9338744f61a02 -> 
  custom:container-demuxer-ogg: 62fdf1f143b41e24485cea50d1cbac27 -> 
  custom:video-encoder-webm-vp8: eb34c28f22e8b96e1ab97ce403110664 -> 
  custom:video-decoder-webm-vp8: 9c59270c3fd7afecdb556c50c9e8de78 -> 
  custom:audio-decoder-ogg-vorbis: bf7c407c2cedff20999df2af8eb42d56 -> 
  custom:audio-encoder-webm-vorbis: bf7c407c2cedff20999df2af8eb42d56 -> 
========================================================================
Received Import Request.
  path: Assets/Readme.asset
  artifactKey: Guid(83c2ed844a8c74b779a4c823d16594b1) Importer(815301076,1909f56bfc062723c751e8b465ee728b)
Start importing Assets/Readme.asset using Guid(83c2ed844a8c74b779a4c823d16594b1) Importer(815301076,1909f56bfc062723c751e8b465ee728b)  -> (artifact id: '7c3b9f17ff219922461d349995487975') in 0.048459 seconds 
  Import took 0.052494 seconds .

========================================================================
Received Import Request.
  Time since last request: 471.228250 seconds.
  path: Assets/Presets
  artifactKey: Guid(558255460b74ec04fa70b5570e9327bd) Importer(815301076,1909f56bfc062723c751e8b465ee728b)
Start importing Assets/Presets using Guid(558255460b74ec04fa70b5570e9327bd) Importer(815301076,1909f56bfc062723c751e8b465ee728b)  -> (artifact id: '99e4144fdf7d1a139d389fda8ba1dbbd') in 0.009000 seconds 
  Import took 0.015020 seconds .

========================================================================
Received Import Request.
  Time since last request: 0.029887 seconds.
  path: Assets/Presets/AudioCompressedInMemory.preset
  artifactKey: Guid(2dd802e4d37c65149922028d3e973832) Importer(815301076,1909f56bfc062723c751e8b465ee728b)
Start importing Assets/Presets/AudioCompressedInMemory.preset using Guid(2dd802e4d37c65149922028d3e973832) Importer(815301076,1909f56bfc062723c751e8b465ee728b)  -> (artifact id: '70939c7466a0a575c20e055aeedbc52e') in 0.009139 seconds 
  Import took 0.012995 seconds .

========================================================================
Received Import Request.
  Time since last request: 0.000171 seconds.
  path: Assets/Presets/AudioStreaming.preset
  artifactKey: Guid(86bcce7f5575b54408aa0f3a7d321039) Importer(815301076,1909f56bfc062723c751e8b465ee728b)
Start importing Assets/Presets/AudioStreaming.preset using Guid(86bcce7f5575b54408aa0f3a7d321039) Importer(815301076,1909f56bfc062723c751e8b465ee728b)  -> (artifact id: '3fd64b4b8f6783da8d1e546ffa643e31') in 0.007539 seconds 
  Import took 0.011105 seconds .

========================================================================
Received Import Request.
  Time since last request: 0.000230 seconds.
  path: Assets/Presets/NormalTexture.preset
  artifactKey: Guid(14a57cf3b9fa1c74b884aa7e0dcf1faa) Importer(815301076,1909f56bfc062723c751e8b465ee728b)
Start importing Assets/Presets/NormalTexture.preset using Guid(14a57cf3b9fa1c74b884aa7e0dcf1faa) Importer(815301076,1909f56bfc062723c751e8b465ee728b)  -> (artifact id: '2180124ffec99f6a58fa05f7255d1536') in 0.007482 seconds 
  Import took 0.011077 seconds .

========================================================================
Received Import Request.
  Time since last request: 0.000166 seconds.
  path: Assets/Presets/UtilityTexture.preset
  artifactKey: Guid(45f7b2e3c78185248b3adbb14429c2ab) Importer(815301076,1909f56bfc062723c751e8b465ee728b)
Start importing Assets/Presets/UtilityTexture.preset using Guid(45f7b2e3c78185248b3adbb14429c2ab) Importer(815301076,1909f56bfc062723c751e8b465ee728b)  -> (artifact id: 'f4ea12d61e319528c50666fe0b61b6e2') in 0.007940 seconds 
  Import took 0.011375 seconds .

========================================================================
Received Import Request.
  Time since last request: 5.587134 seconds.
  path: Assets/Rresource
  artifactKey: Guid(b86b4b1cf6514df4189f440c45760067) Importer(815301076,1909f56bfc062723c751e8b465ee728b)
Start importing Assets/Rresource using Guid(b86b4b1cf6514df4189f440c45760067) Importer(815301076,1909f56bfc062723c751e8b465ee728b)  -> (artifact id: '95a739a07eeb0a03185e0daed86c4d35') in 0.009149 seconds 
  Import took 0.013543 seconds .

========================================================================
Received Import Request.
  Time since last request: 0.891016 seconds.
  path: Assets/Rresource/Character
  artifactKey: Guid(3e09b5d094206114b80a2121fe633a2e) Importer(815301076,1909f56bfc062723c751e8b465ee728b)
Start importing Assets/Rresource/Character using Guid(3e09b5d094206114b80a2121fe633a2e) Importer(815301076,1909f56bfc062723c751e8b465ee728b)  -> (artifact id: '09040e874639aee89e55b477f1d6f894') in 0.007004 seconds 
  Import took 0.011370 seconds .

========================================================================
Received Import Request.
  Time since last request: 2.605444 seconds.
  path: Assets/Rresource/Character/Pang.FBX
  artifactKey: Guid(06212af55fda14a45afd9d909e686314) Importer(815301076,1909f56bfc062723c751e8b465ee728b)
Start importing Assets/Rresource/Character/Pang.FBX using Guid(06212af55fda14a45afd9d909e686314) Importer(815301076,1909f56bfc062723c751e8b465ee728b)  -> (artifact id: '73a4d0fcb523b3a7416c7a4335ace83f') in 0.297126 seconds 
  Import took 0.301140 seconds .

========================================================================
Received Import Request.
  Time since last request: 0.000346 seconds.
  path: Assets/Rresource/Character/Pang_B.tga
  artifactKey: Guid(30b0dbb7048d348499b67b2d21729683) Importer(815301076,1909f56bfc062723c751e8b465ee728b)
Start importing Assets/Rresource/Character/Pang_B.tga using Guid(30b0dbb7048d348499b67b2d21729683) Importer(815301076,1909f56bfc062723c751e8b465ee728b)  -> (artifact id: 'b07133b073cfdd910c8036fef405ad15') in 0.021537 seconds 
  Import took 0.024891 seconds .

========================================================================
Received Import Request.
  Time since last request: 0.000236 seconds.
  path: Assets/Rresource/Character/Pang_E.tga
  artifactKey: Guid(c4240b51f76a96840b007c2d3a5d0450) Importer(815301076,1909f56bfc062723c751e8b465ee728b)
Start importing Assets/Rresource/Character/Pang_E.tga using Guid(c4240b51f76a96840b007c2d3a5d0450) Importer(815301076,1909f56bfc062723c751e8b465ee728b)  -> (artifact id: '605eda9c771ddabfcd2005a28f2b4278') in 0.012729 seconds 
  Import took 0.016119 seconds .

========================================================================
Received Import Request.
  Time since last request: 53.651705 seconds.
  path: Assets/Rresource/Character/pang.mat
  artifactKey: Guid(8d7c2577d39034444900f963de1a9122) Importer(815301076,1909f56bfc062723c751e8b465ee728b)
Start importing Assets/Rresource/Character/pang.mat using Guid(8d7c2577d39034444900f963de1a9122) Importer(815301076,1909f56bfc062723c751e8b465ee728b)  -> (artifact id: 'ffab27050e84df97063c27601bd867ee') in 0.028544 seconds 
  Import took 0.032563 seconds .

========================================================================
Received Import Request.
  Time since last request: 32.962953 seconds.
  path: Assets/Rresource/Character/pang_B.mat
  artifactKey: Guid(f4c16b6ab30a3b943bd6065d08c30560) Importer(815301076,1909f56bfc062723c751e8b465ee728b)
Start importing Assets/Rresource/Character/pang_B.mat using Guid(f4c16b6ab30a3b943bd6065d08c30560) Importer(815301076,1909f56bfc062723c751e8b465ee728b)  -> (artifact id: '35779566d436a60655b2b49e9a29b439') in 0.014973 seconds 
  Import took 0.018961 seconds .

========================================================================
Received Import Request.
  Time since last request: 11.965491 seconds.
  path: Assets/Rresource/Character/Pang_B.mat
  artifactKey: Guid(f4c16b6ab30a3b943bd6065d08c30560) Importer(815301076,1909f56bfc062723c751e8b465ee728b)
Start importing Assets/Rresource/Character/Pang_B.mat using Guid(f4c16b6ab30a3b943bd6065d08c30560) Importer(815301076,1909f56bfc062723c751e8b465ee728b)  -> (artifact id: '490f417bb497ee387ed893a013957831') in 0.012228 seconds 
  Import took 0.016980 seconds .

========================================================================
Received Import Request.
  Time since last request: 29.177597 seconds.
  path: Assets/Rresource/Character/Pang_B.mat
  artifactKey: Guid(f4c16b6ab30a3b943bd6065d08c30560) Importer(815301076,1909f56bfc062723c751e8b465ee728b)
Start importing Assets/Rresource/Character/Pang_B.mat using Guid(f4c16b6ab30a3b943bd6065d08c30560) Importer(815301076,1909f56bfc062723c751e8b465ee728b)  -> (artifact id: 'a919e2de142bb77774de92c006c84054') in 0.017107 seconds 
  Import took 0.021128 seconds .

========================================================================
Received Import Request.
  Time since last request: 0.000224 seconds.
  path: Assets/Rresource/Character/Pang_E.mat
  artifactKey: Guid(379add77c35ca60439ab7ae11e20dd5b) Importer(815301076,1909f56bfc062723c751e8b465ee728b)
Start importing Assets/Rresource/Character/Pang_E.mat using Guid(379add77c35ca60439ab7ae11e20dd5b) Importer(815301076,1909f56bfc062723c751e8b465ee728b)  -> (artifact id: '91a748672c1b00b2280d8e25594c7220') in 0.014109 seconds 
  Import took 0.017752 seconds .

========================================================================
Received Import Request.
  Time since last request: 101.726441 seconds.
  path: Assets/Rresource/Character/Pang_B.mat
  artifactKey: Guid(f4c16b6ab30a3b943bd6065d08c30560) Importer(815301076,1909f56bfc062723c751e8b465ee728b)
Start importing Assets/Rresource/Character/Pang_B.mat using Guid(f4c16b6ab30a3b943bd6065d08c30560) Importer(815301076,1909f56bfc062723c751e8b465ee728b)  -> (artifact id: 'fb3cd66b69140fe9712361df0be32681') in 0.010489 seconds 
  Import took 0.014223 seconds .

========================================================================
Received Import Request.
  Time since last request: 0.000315 seconds.
  path: Assets/Rresource/Character/Pang_E.mat
  artifactKey: Guid(379add77c35ca60439ab7ae11e20dd5b) Importer(815301076,1909f56bfc062723c751e8b465ee728b)
Start importing Assets/Rresource/Character/Pang_E.mat using Guid(379add77c35ca60439ab7ae11e20dd5b) Importer(815301076,1909f56bfc062723c751e8b465ee728b)  -> (artifact id: '4a390c398f7576c0322ca8a1cfab2f0c') in 0.016468 seconds 
  Import took 0.019866 seconds .

========================================================================
Received Import Request.
  Time since last request: 241.037731 seconds.
  path: Assets/Rresource/Background
  artifactKey: Guid(57fc4a17b42ba6847b1b239e38c745a3) Importer(815301076,1909f56bfc062723c751e8b465ee728b)
Start importing Assets/Rresource/Background using Guid(57fc4a17b42ba6847b1b239e38c745a3) Importer(815301076,1909f56bfc062723c751e8b465ee728b)  -> (artifact id: '00f06041c79d5e78c854dddfe1a5c88f') in 0.006365 seconds 
  Import took 0.011104 seconds .

========================================================================
Received Import Request.
  Time since last request: 5.872228 seconds.
  path: Assets/Rresource/Background/test
  artifactKey: Guid(646f2fa344d20234587891ab0ac8b6d5) Importer(815301076,1909f56bfc062723c751e8b465ee728b)
Start importing Assets/Rresource/Background/test using Guid(646f2fa344d20234587891ab0ac8b6d5) Importer(815301076,1909f56bfc062723c751e8b465ee728b)  -> (artifact id: '557ac04d6263f4f9c723f4ab40a1cd8a') in 0.007387 seconds 
  Import took 0.011516 seconds .

========================================================================
Received Import Request.
  Time since last request: 3.851876 seconds.
  path: Assets/Rresource/Background/test/dfadf_DefaultMaterial_AlbedoTransparency.tga
  artifactKey: Guid(963132da7374e7548a7d14951e3be2b7) Importer(815301076,1909f56bfc062723c751e8b465ee728b)
Start importing Assets/Rresource/Background/test/dfadf_DefaultMaterial_AlbedoTransparency.tga using Guid(963132da7374e7548a7d14951e3be2b7) Importer(815301076,1909f56bfc062723c751e8b465ee728b)  -> (artifact id: '881d2fbf98d10a60e9c949977e994491') in 0.018210 seconds 
  Import took 0.022710 seconds .

========================================================================
Received Import Request.
  Time since last request: 0.000218 seconds.
  path: Assets/Rresource/Background/test/dfadf_DefaultMaterial_MetallicSmoothness.tga
  artifactKey: Guid(71671bec5556d3042b511ad5233e9628) Importer(815301076,1909f56bfc062723c751e8b465ee728b)
Start importing Assets/Rresource/Background/test/dfadf_DefaultMaterial_MetallicSmoothness.tga using Guid(71671bec5556d3042b511ad5233e9628) Importer(815301076,1909f56bfc062723c751e8b465ee728b)  -> (artifact id: 'c8109a3f4f955c452f905feee498bcb0') in 0.011910 seconds 
  Import took 0.016497 seconds .

========================================================================
Received Import Request.
  Time since last request: 0.000174 seconds.
  path: Assets/Rresource/Background/test/dfadf_DefaultMaterial_Normal.tga
  artifactKey: Guid(28126f4a1f417f5418d9cb993285fe2c) Importer(815301076,1909f56bfc062723c751e8b465ee728b)
Start importing Assets/Rresource/Background/test/dfadf_DefaultMaterial_Normal.tga using Guid(28126f4a1f417f5418d9cb993285fe2c) Importer(815301076,1909f56bfc062723c751e8b465ee728b)  -> (artifact id: '82f8286ec51c3a1644a87b495e87d61d') in 0.011545 seconds 
  Import took 0.015519 seconds .

========================================================================
Received Import Request.
  Time since last request: 8.438312 seconds.
  path: Assets/Rresource/Background/test/sand.mat
  artifactKey: Guid(1cb33f39d1fba7d4786309199302165c) Importer(815301076,1909f56bfc062723c751e8b465ee728b)
Start importing Assets/Rresource/Background/test/sand.mat using Guid(1cb33f39d1fba7d4786309199302165c) Importer(815301076,1909f56bfc062723c751e8b465ee728b)  -> (artifact id: '44940c284e315f654db4f0279b46ce00') in 0.015385 seconds 
  Import took 0.020207 seconds .

========================================================================
Received Import Request.
  Time since last request: 8.090040 seconds.
  path: Assets/Rresource/Background/test/dfadf_DefaultMaterial_Normal.tga
  artifactKey: Guid(28126f4a1f417f5418d9cb993285fe2c) Importer(815301076,1909f56bfc062723c751e8b465ee728b)
Start importing Assets/Rresource/Background/test/dfadf_DefaultMaterial_Normal.tga using Guid(28126f4a1f417f5418d9cb993285fe2c) Importer(815301076,1909f56bfc062723c751e8b465ee728b)  -> (artifact id: '41c5de6c0432960e087d9752b1d52ada') in 0.017653 seconds 
  Import took 0.022020 seconds .

========================================================================
Received Import Request.
  Time since last request: 1.405308 seconds.
  path: Assets/Rresource/Background/test/sand.mat
  artifactKey: Guid(1cb33f39d1fba7d4786309199302165c) Importer(815301076,1909f56bfc062723c751e8b465ee728b)
Start importing Assets/Rresource/Background/test/sand.mat using Guid(1cb33f39d1fba7d4786309199302165c) Importer(815301076,1909f56bfc062723c751e8b465ee728b)  -> (artifact id: '50340e8cf32275482bf6e129f8d6c6bd') in 0.026900 seconds 
  Import took 0.031207 seconds .

========================================================================
Received Import Request.
  Time since last request: 245.363739 seconds.
  path: Assets/Rresource/Background/test/dfadf_DefaultMaterial_AlbedoTransparency.tga
  artifactKey: Guid(963132da7374e7548a7d14951e3be2b7) Importer(815301076,1909f56bfc062723c751e8b465ee728b)
Start importing Assets/Rresource/Background/test/dfadf_DefaultMaterial_AlbedoTransparency.tga using Guid(963132da7374e7548a7d14951e3be2b7) Importer(815301076,1909f56bfc062723c751e8b465ee728b)  -> (artifact id: 'c245403f76ef25de29e9dd40e24aaac0') in 0.014581 seconds 
  Import took 0.018978 seconds .

========================================================================
Received Import Request.
  Time since last request: 0.000285 seconds.
  path: Assets/Rresource/Background/test/dfadf_DefaultMaterial_MetallicSmoothness.tga
  artifactKey: Guid(71671bec5556d3042b511ad5233e9628) Importer(815301076,1909f56bfc062723c751e8b465ee728b)
Start importing Assets/Rresource/Background/test/dfadf_DefaultMaterial_MetallicSmoothness.tga using Guid(71671bec5556d3042b511ad5233e9628) Importer(815301076,1909f56bfc062723c751e8b465ee728b)  -> (artifact id: 'b5011eea93daca74d22b0e53efa0a472') in 0.009013 seconds 
  Import took 0.012993 seconds .

========================================================================
Received Import Request.
  Time since last request: 0.000173 seconds.
  path: Assets/Rresource/Background/test/dfadf_DefaultMaterial_Normal.tga
  artifactKey: Guid(28126f4a1f417f5418d9cb993285fe2c) Importer(815301076,1909f56bfc062723c751e8b465ee728b)
Start importing Assets/Rresource/Background/test/dfadf_DefaultMaterial_Normal.tga using Guid(28126f4a1f417f5418d9cb993285fe2c) Importer(815301076,1909f56bfc062723c751e8b465ee728b)  -> (artifact id: '38fc606e212ef31e3f27bbee96e60f1f') in 0.011877 seconds 
  Import took 0.015792 seconds .

========================================================================
Received Import Request.
  Time since last request: 1.855224 seconds.
  path: Assets/Rresource/Background/test/dfadf_DefaultMaterial_Normal.tga
  artifactKey: Guid(28126f4a1f417f5418d9cb993285fe2c) Importer(815301076,1909f56bfc062723c751e8b465ee728b)
Start importing Assets/Rresource/Background/test/dfadf_DefaultMaterial_Normal.tga using Guid(28126f4a1f417f5418d9cb993285fe2c) Importer(815301076,1909f56bfc062723c751e8b465ee728b)  -> (artifact id: '714ba068e1069f36bae6f7afa8b283c1') in 0.012827 seconds 
  Import took 0.017061 seconds .

========================================================================
Received Import Request.
  Time since last request: 114.244689 seconds.
  path: Assets/Rresource/Background/test/dfadf_DefaultMaterial_AlbedoTransparency.tga
  artifactKey: Guid(963132da7374e7548a7d14951e3be2b7) Importer(815301076,1909f56bfc062723c751e8b465ee728b)
Start importing Assets/Rresource/Background/test/dfadf_DefaultMaterial_AlbedoTransparency.tga using Guid(963132da7374e7548a7d14951e3be2b7) Importer(815301076,1909f56bfc062723c751e8b465ee728b)  -> (artifact id: 'acb0ef4177a7f5265c42e8e8193f2abd') in 0.013645 seconds 
  Import took 0.017509 seconds .

========================================================================
Received Import Request.
  Time since last request: 0.000171 seconds.
  path: Assets/Rresource/Background/test/dfadf_DefaultMaterial_MetallicSmoothness.tga
  artifactKey: Guid(71671bec5556d3042b511ad5233e9628) Importer(815301076,1909f56bfc062723c751e8b465ee728b)
Start importing Assets/Rresource/Background/test/dfadf_DefaultMaterial_MetallicSmoothness.tga using Guid(71671bec5556d3042b511ad5233e9628) Importer(815301076,1909f56bfc062723c751e8b465ee728b)  -> (artifact id: '0f4c2049937e89140dc8f4d90e4206ba') in 0.008727 seconds 
  Import took 0.012164 seconds .

========================================================================
Received Import Request.
  Time since last request: 0.000196 seconds.
  path: Assets/Rresource/Background/test/dfadf_DefaultMaterial_Normal.tga
  artifactKey: Guid(28126f4a1f417f5418d9cb993285fe2c) Importer(815301076,1909f56bfc062723c751e8b465ee728b)
Start importing Assets/Rresource/Background/test/dfadf_DefaultMaterial_Normal.tga using Guid(28126f4a1f417f5418d9cb993285fe2c) Importer(815301076,1909f56bfc062723c751e8b465ee728b)  -> (artifact id: 'a1fd6825f9c74da660ab5ab823dad990') in 0.009592 seconds 
  Import took 0.013079 seconds .

========================================================================
Received Import Request.
  Time since last request: 1.829984 seconds.
  path: Assets/Rresource/Background/test/dfadf_DefaultMaterial_Normal.tga
  artifactKey: Guid(28126f4a1f417f5418d9cb993285fe2c) Importer(815301076,1909f56bfc062723c751e8b465ee728b)
Start importing Assets/Rresource/Background/test/dfadf_DefaultMaterial_Normal.tga using Guid(28126f4a1f417f5418d9cb993285fe2c) Importer(815301076,1909f56bfc062723c751e8b465ee728b)  -> (artifact id: 'c400aadb0ea7f197844161c8d7387627') in 0.018101 seconds 
  Import took 0.022406 seconds .

========================================================================
Received Import Request.
  Time since last request: 73.763102 seconds.
  path: Assets/Rresource/Background/test/Materials
  artifactKey: Guid(4c9e6fbcfe22ad6449852977918b6c3c) Importer(815301076,1909f56bfc062723c751e8b465ee728b)
Start importing Assets/Rresource/Background/test/Materials using Guid(4c9e6fbcfe22ad6449852977918b6c3c) Importer(815301076,1909f56bfc062723c751e8b465ee728b)  -> (artifact id: 'aa944fc9199c468737677679c2789f1c') in 0.005822 seconds 
  Import took 0.014250 seconds .

========================================================================
Received Import Request.
  Time since last request: 4.297137 seconds.
  path: Assets/Rresource/Background/test/dfadf_DefaultMaterial_AlbedoTransparency.tga
  artifactKey: Guid(963132da7374e7548a7d14951e3be2b7) Importer(815301076,1909f56bfc062723c751e8b465ee728b)
Start importing Assets/Rresource/Background/test/dfadf_DefaultMaterial_AlbedoTransparency.tga using Guid(963132da7374e7548a7d14951e3be2b7) Importer(815301076,1909f56bfc062723c751e8b465ee728b)  -> (artifact id: '86fc85eb9e93484f9719481e33aecb3c') in 0.017987 seconds 
  Import took 0.022347 seconds .

========================================================================
Received Import Request.
  Time since last request: 46.918155 seconds.
  path: Assets/Rresource/Background/test/dfadf_DefaultMaterial_AlbedoTransparency.tga
  artifactKey: Guid(963132da7374e7548a7d14951e3be2b7) Importer(815301076,1909f56bfc062723c751e8b465ee728b)
Start importing Assets/Rresource/Background/test/dfadf_DefaultMaterial_AlbedoTransparency.tga using Guid(963132da7374e7548a7d14951e3be2b7) Importer(815301076,1909f56bfc062723c751e8b465ee728b)  -> (artifact id: '48781b26a8e1879c7128d8449855797e') in 0.009635 seconds 
  Import took 0.013861 seconds .

========================================================================
Received Import Request.
  Time since last request: 75.208217 seconds.
  path: Assets/Rresource/Background/test/dfadf_DefaultMaterial_AlbedoTransparency.tga
  artifactKey: Guid(963132da7374e7548a7d14951e3be2b7) Importer(815301076,1909f56bfc062723c751e8b465ee728b)
Start importing Assets/Rresource/Background/test/dfadf_DefaultMaterial_AlbedoTransparency.tga using Guid(963132da7374e7548a7d14951e3be2b7) Importer(815301076,1909f56bfc062723c751e8b465ee728b)  -> (artifact id: 'cab07f9eb5b518d9d3864b51fc9dd94d') in 0.011132 seconds 
  Import took 0.015625 seconds .

AssetImportWorkerClient::OnTransportError - code=2 error=End of file
